2026-07-08 03:57:22 +0000 [MT] Initial pipeline context: <IDEDistributionProcessingPipelineContext: 0xa465ed500; archive(resolved)="<IDEArchive: 0xa443d01c0>", distributionTask(resolved)="2", distributionDestination(resolved)="1", distributionMethod(resolved)="<IDEDistributionMethodMacAppStoreDistribution: 0xa4650b8e0>", team(resolved)="<IDEProvisioningBasicTeam: 0xa46675c20; teamID='QMM486NPYC', teamName='(null)'>">
	Chain (15, self inclusive):
	<IDEDistributionProcessingPipelineContext: 0xa465ed500; archive = "<IDEArchive: 0xa443d01c0>", distributionMethod="<IDEDistributionMethodMacAppStoreDistribution: 0xa4650b8e0>", team="<IDEProvisioningBasicTeam: 0xa46675c20; teamID='QMM486NPYC', teamName='(null)'>">
	<IDEDistributionProcessingPipelineContext: 0xa465ecc00; archive = "<IDEArchive: 0xa443d01c0>", distributionMethod="<IDEDistributionMethodMacAppStoreDistribution: 0xa4650b8e0>", team="<IDEProvisioningBasicTeam: 0xa46675c20; teamID='QMM486NPYC', teamName='(null)'>">
	<IDEDistributionContext: 0xa466b9900; archive = "<IDEArchive: 0xa443d01c0>", distributionMethod="<IDEDistributionMethodMacAppStoreDistribution: 0xa4650b8e0>", team="<IDEProvisioningBasicTeam: 0xa46675c20; teamID='QMM486NPYC', teamName='(null)'>">
	<IDEDistributionContext: 0xa466baa80; archive = "<IDEArchive: 0xa443d01c0>", distributionMethod="<IDEDistributionMethodMacAppStoreDistribution: 0xa4650b8e0>", team="<IDEProvisioningBasicTeam: 0xa46675c20; teamID='QMM486NPYC', teamName='(null)'>">
	<IDEDistributionContext: 0xa466bad00; archive = "<IDEArchive: 0xa443d01c0>", distributionMethod="<IDEDistributionMethodMacAppStoreDistribution: 0xa4650b8e0>", team="<IDEProvisioningBasicTeam: 0xa46675c20; teamID='QMM486NPYC', teamName='(null)'>">
	<IDEDistributionContext: 0xa466ba080; archive = "<IDEArchive: 0xa443d01c0>", distributionMethod="<IDEDistributionMethodMacAppStoreDistribution: 0xa4650b8e0>", team="<IDEProvisioningBasicTeam: 0xa46675c20; teamID='QMM486NPYC', teamName='(null)'>">
	<IDEDistributionContext: 0xa466baf80; archive = "<IDEArchive: 0xa443d01c0>", distributionMethod="<IDEDistributionMethodMacAppStoreDistribution: 0xa4650b8e0>", team="<IDEProvisioningBasicTeam: 0xa46675c20; teamID='QMM486NPYC', teamName='(null)'>">
	<IDEDistributionContext: 0xa466bb200; archive = "<IDEArchive: 0xa443d01c0>", distributionMethod="<IDEDistributionMethodMacAppStoreDistribution: 0xa4650b8e0>", team="<IDEProvisioningBasicTeam: 0xa46675c20; teamID='QMM486NPYC', teamName='(null)'>">
	<IDEDistributionContext: 0xa466b9b80; archive = "<IDEArchive: 0xa443d01c0>", distributionMethod="<IDEDistributionMethodMacAppStoreDistribution: 0xa4650b8e0>", team="<IDEProvisioningBasicTeam: 0xa46675c20; teamID='QMM486NPYC', teamName='(null)'>">
	<IDEDistributionContext: 0xa466b8c80; archive = "<IDEArchive: 0xa443d01c0>", distributionMethod="<IDEDistributionMethodMacAppStoreDistribution: 0xa4650b8e0>", team="<IDEProvisioningBasicTeam: 0xa46675c20; teamID='QMM486NPYC', teamName='(null)'>">
	<IDEDistributionContext: 0xa466b8a00; archive = "<IDEArchive: 0xa443d01c0>", distributionMethod="<IDEDistributionMethodMacAppStoreDistribution: 0xa4650b8e0>", team="<IDEProvisioningBasicTeam: 0xa46675c20; teamID='QMM486NPYC', teamName='(null)'>">
	<IDEDistributionContext: 0xa466b8780; archive = "<IDEArchive: 0xa443d01c0>", distributionMethod="<IDEDistributionMethodMacAppStoreDistribution: 0xa4650b8e0>", team="<IDEProvisioningBasicTeam: 0xa46675c20; teamID='QMM486NPYC', teamName='(null)'>">
	<IDEDistributionContext: 0xa466b8500; archive = "<IDEArchive: 0xa443d01c0>", distributionMethod="<IDEDistributionMethodMacAppStoreDistribution: 0xa4650b8e0>", team="(null)">
	<IDEDistributionContext: 0xa466b8000; archive = "<IDEArchive: 0xa443d01c0>", distributionMethod="<IDEDistributionMethodMacAppStoreDistribution: 0xa4650b8e0>", team="(null)">
	<IDEDistributionContext: 0x1037a3880; archive = "<IDEArchive: 0xa443d01c0>", distributionMethod="(null)", team="(null)">
</IDEDistributionProcessingPipelineContext: 0xa465ed500>
2026-07-08 03:57:22 +0000 [MT] Processing step: IDEDistributionCreateDestRootStep
2026-07-08 03:57:22 +0000 [MT] Processing step: IDEDistributionCopyItemStep
2026-07-08 03:57:22 +0000 [MT] Running /usr/bin/ditto '-V' '/Users/joshua/Documents/Code/books/.asc-artifacts/BooksAppMac2.xcarchive/Products/Applications/BooksAppMac.app' '/var/folders/vk/dmj39y_n1n7gs0wclbyqkfn40000gn/T/XcodeDistPipeline.~~~NGT76q/Root/Applications/BooksAppMac.app'
2026-07-08 03:57:22 +0000  >>> Copying /Users/joshua/Documents/Code/books/.asc-artifacts/BooksAppMac2.xcarchive/Products/Applications/BooksAppMac.app 
2026-07-08 03:57:22 +0000  copying file ./Contents/_CodeSignature/CodeResources ... 
2026-07-08 03:57:22 +0000  2819 bytes for ./Contents/_CodeSignature/CodeResources
2026-07-08 03:57:22 +0000  copying file ./Contents/MacOS/BooksAppMac ... 
2026-07-08 03:57:22 +0000  162352 bytes for ./Contents/MacOS/BooksAppMac
2026-07-08 03:57:22 +0000  copying file ./Contents/Resources/AppIcon.icns ... 
2026-07-08 03:57:22 +0000  14182 bytes for ./Contents/Resources/AppIcon.icns
2026-07-08 03:57:22 +0000  copying file ./Contents/Resources/Assets.car ... 
2026-07-08 03:57:22 +0000  56360 bytes for ./Contents/Resources/Assets.car
2026-07-08 03:57:22 +0000  copying file ./Contents/embedded.provisionprofile ... 
2026-07-08 03:57:22 +0000  12247 bytes for ./Contents/embedded.provisionprofile
2026-07-08 03:57:22 +0000  copying file ./Contents/Info.plist ... 
2026-07-08 03:57:22 +0000  2020 bytes for ./Contents/Info.plist
2026-07-08 03:57:22 +0000  copying file ./Contents/PkgInfo ... 
2026-07-08 03:57:22 +0000  8 bytes for ./Contents/PkgInfo
2026-07-08 03:57:22 +0000 [MT] /usr/bin/ditto exited with 0
2026-07-08 03:57:22 +0000 [MT] Processing step: IDEDistributionEmbedProfileStep
2026-07-08 03:57:22 +0000 [MT] Processing step: IDEDistributionInfoPlistStep
2026-07-08 03:57:22 +0000 [MT] Skipping setting DTXcodeBuildDistribution because toolsBuildVersionName was nil.
2026-07-08 03:57:22 +0000 [MT] Processing step: IDEDistributionItemRemovalStep
2026-07-08 03:57:22 +0000 [MT] Processing step: IDEDistributionAppThinningPlistStep
2026-07-08 03:57:22 +0000 [MT] Processing step: IDEDistributionSymbolsStep
2026-07-08 03:57:22 +0000 [MT] Writing /var/folders/vk/dmj39y_n1n7gs0wclbyqkfn40000gn/T/XcodeDistPipeline.~~~NGT76q/Symbols/310C6DCD-0F2F-34BA-985C-DF5643607804.symbols
2026-07-08 03:57:22 +0000 [MT] Writing /var/folders/vk/dmj39y_n1n7gs0wclbyqkfn40000gn/T/XcodeDistPipeline.~~~NGT76q/Symbols/A986B601-7AD2-3CE3-B6E7-430504A7406A.symbols
2026-07-08 03:57:22 +0000 [MT] Writing /var/folders/vk/dmj39y_n1n7gs0wclbyqkfn40000gn/T/XcodeDistPipeline.~~~NGT76q/Symbols/310C6DCD-0F2F-34BA-985C-DF5643607804.symbols
2026-07-08 03:57:22 +0000 [MT] Writing /var/folders/vk/dmj39y_n1n7gs0wclbyqkfn40000gn/T/XcodeDistPipeline.~~~NGT76q/Symbols/A986B601-7AD2-3CE3-B6E7-430504A7406A.symbols
2026-07-08 03:57:22 +0000 [MT] Processing step: IDEDistributionCopyAppleProvidedContentStep
2026-07-08 03:57:22 +0000 [MT] Processing step: IDEDistributionAppThinningStep
2026-07-08 03:57:22 +0000 [MT] Skipping step: IDEDistributionAppThinningStep because it said so
2026-07-08 03:57:22 +0000 [MT] Processing step: IDEDistributionArchThinningStep
2026-07-08 03:57:22 +0000 [MT] Archs to thin for item /Users/joshua/Documents/Code/books/.asc-artifacts/BooksAppMac2.xcarchive/Products/Applications/BooksAppMac.app are []
2026-07-08 03:57:22 +0000 [MT] Processing step: IDEDistributionODRStep
2026-07-08 03:57:22 +0000 [MT] Processing step: IDEDistributionStripXattrsStep
2026-07-08 03:57:22 +0000 [MT] Skipping stripping extended attributes because the codesign step will strip them.
2026-07-08 03:57:22 +0000 [MT] Processing step: IDEDistributionCodesignStep
2026-07-08 03:57:22 +0000 [MT] Entitlements for <IDEDistributionItem: 0xa4660ad60; bundleID='com.heyitsmejosh.books.mac', path='<DVTFilePath:0xa46609ce0:'/Users/joshua/Documents/Code/books/.asc-artifacts/BooksAppMac2.xcarchive/Products/Applications/BooksAppMac.app'>', codeSigningInfo='<_DVTCodeSigningInformation_Path: 0xa4660abe0; isSigned='1', isAdHocSigned='0', signingCertificate='<DVTSigningCertificate: 0xa43efd440; name='3rd Party Mac Developer Application: Joshua Trommel (QMM486NPYC)', hash='841ED832F5CB2EA83C5EE8C502992F8B46BBBC32', serialNumber='73DCA9E738799BBA3D5E0528049833E9', certificateKinds='(
    "1.2.840.113635.100.6.1.7"
), issueDate='2026-06-24 21:15:58 +0000''>', entitlements='{
    "com.apple.application-identifier" = "QMM486NPYC.com.heyitsmejosh.books.mac";
    "com.apple.developer.team-identifier" = QMM486NPYC;
    "com.apple.security.app-sandbox" = 1;
    "com.apple.security.network.client" = 1;
}', teamID='QMM486NPYC', identifier='com.heyitsmejosh.books.mac', executablePath='<DVTFilePath:0xa4660b0c0:'/Users/joshua/Documents/Code/books/.asc-artifacts/BooksAppMac2.xcarchive/Products/Applications/BooksAppMac.app/Contents/MacOS/BooksAppMac'>', hardenedRuntime='0'>'>: {
    "com.apple.application-identifier" = "QMM486NPYC.com.heyitsmejosh.books.mac";
    "com.apple.developer.team-identifier" = QMM486NPYC;
    "com.apple.security.app-sandbox" = 1;
    "com.apple.security.network.client" = 1;
}
2026-07-08 03:57:22 +0000 [MT] Associated App Clip Identifiers Filter: Skipping because "com.apple.developer.associated-appclip-app-identifiers" is not present
2026-07-08 03:57:22 +0000 [MT] Entitlements for <IDEDistributionItem: 0xa4660ad60; bundleID='com.heyitsmejosh.books.mac', path='<DVTFilePath:0xa46609ce0:'/Users/joshua/Documents/Code/books/.asc-artifacts/BooksAppMac2.xcarchive/Products/Applications/BooksAppMac.app'>', codeSigningInfo='<_DVTCodeSigningInformation_Path: 0xa4660abe0; isSigned='1', isAdHocSigned='0', signingCertificate='<DVTSigningCertificate: 0xa43efcfc0; name='3rd Party Mac Developer Application: Joshua Trommel (QMM486NPYC)', hash='841ED832F5CB2EA83C5EE8C502992F8B46BBBC32', serialNumber='73DCA9E738799BBA3D5E0528049833E9', certificateKinds='(
    "1.2.840.113635.100.6.1.7"
), issueDate='2026-06-24 21:15:58 +0000''>', entitlements='{
    "com.apple.application-identifier" = "QMM486NPYC.com.heyitsmejosh.books.mac";
    "com.apple.developer.team-identifier" = QMM486NPYC;
    "com.apple.security.app-sandbox" = 1;
    "com.apple.security.network.client" = 1;
}', teamID='QMM486NPYC', identifier='com.heyitsmejosh.books.mac', executablePath='<DVTFilePath:0xa4660b0c0:'/Users/joshua/Documents/Code/books/.asc-artifacts/BooksAppMac2.xcarchive/Products/Applications/BooksAppMac.app/Contents/MacOS/BooksAppMac'>', hardenedRuntime='0'>'> are: {
    "com.apple.application-identifier" = "QMM486NPYC.com.heyitsmejosh.books.mac";
    "com.apple.developer.team-identifier" = QMM486NPYC;
    "com.apple.security.app-sandbox" = 1;
    "com.apple.security.network.client" = 1;
}
2026-07-08 03:57:22 +0000 [MT] Writing entitlements for <IDEDistributionItem: 0xa4660ad60; bundleID='com.heyitsmejosh.books.mac', path='<DVTFilePath:0xa46609ce0:'/Users/joshua/Documents/Code/books/.asc-artifacts/BooksAppMac2.xcarchive/Products/Applications/BooksAppMac.app'>', codeSigningInfo='<_DVTCodeSigningInformation_Path: 0xa4660abe0; isSigned='1', isAdHocSigned='0', signingCertificate='<DVTSigningCertificate: 0xa43efcfc0; name='3rd Party Mac Developer Application: Joshua Trommel (QMM486NPYC)', hash='841ED832F5CB2EA83C5EE8C502992F8B46BBBC32', serialNumber='73DCA9E738799BBA3D5E0528049833E9', certificateKinds='(
    "1.2.840.113635.100.6.1.7"
), issueDate='2026-06-24 21:15:58 +0000''>', entitlements='{
    "com.apple.application-identifier" = "QMM486NPYC.com.heyitsmejosh.books.mac";
    "com.apple.developer.team-identifier" = QMM486NPYC;
    "com.apple.security.app-sandbox" = 1;
    "com.apple.security.network.client" = 1;
}', teamID='QMM486NPYC', identifier='com.heyitsmejosh.books.mac', executablePath='<DVTFilePath:0xa4660b0c0:'/Users/joshua/Documents/Code/books/.asc-artifacts/BooksAppMac2.xcarchive/Products/Applications/BooksAppMac.app/Contents/MacOS/BooksAppMac'>', hardenedRuntime='0'>'> to: /var/folders/vk/dmj39y_n1n7gs0wclbyqkfn40000gn/T/XcodeDistPipeline.~~~NGT76q/entitlements~~~wFMRhq
2026-07-08 03:57:22 +0000 [MT] invoking codesign: <NSConcreteTask: 0xa46a337a0; launchPath='/usr/bin/codesign', arguments='(
    "-f",
    "-s",
    841ED832F5CB2EA83C5EE8C502992F8B46BBBC32,
    "--entitlements",
    "/var/folders/vk/dmj39y_n1n7gs0wclbyqkfn40000gn/T/XcodeDistPipeline.~~~NGT76q/entitlements~~~wFMRhq",
    "--preserve-metadata=identifier,flags,runtime,launch-constraints,library-constraints",
    "--generate-entitlement-der",
    "--strip-disallowed-xattrs",
    "-vvv",
    "/var/folders/vk/dmj39y_n1n7gs0wclbyqkfn40000gn/T/XcodeDistPipeline.~~~NGT76q/Root/Applications/BooksAppMac.app"
)'>
2026-07-08 03:57:22 +0000 [MT] codesign output: /var/folders/vk/dmj39y_n1n7gs0wclbyqkfn40000gn/T/XcodeDistPipeline.~~~NGT76q/Root/Applications/BooksAppMac.app: replacing existing signature
/var/folders/vk/dmj39y_n1n7gs0wclbyqkfn40000gn/T/XcodeDistPipeline.~~~NGT76q/Root/Applications/BooksAppMac.app: signed app bundle with Mach-O universal (x86_64 arm64) [com.heyitsmejosh.books.mac]
2026-07-08 03:57:22 +0000 [MT] Processing step: IDEDistributionZipODRItemStep
2026-07-08 03:57:22 +0000 [MT] Skipping step: IDEDistributionZipODRItemStep because it said so
2026-07-08 03:57:22 +0000 [MT] Processing step: IDEDistributionCreatePKGStep
2026-07-08 03:57:22 +0000 [MT] Running /usr/bin/productbuild '--sign' '3rd Party Mac Developer Installer: Joshua Trommel (QMM486NPYC)' '--symbolication' '/var/folders/vk/dmj39y_n1n7gs0wclbyqkfn40000gn/T/XcodeDistPipeline.~~~NGT76q/Symbols' '--component' '/var/folders/vk/dmj39y_n1n7gs0wclbyqkfn40000gn/T/XcodeDistPipeline.~~~NGT76q/Root/Applications/BooksAppMac.app' '/Applications' '/var/folders/vk/dmj39y_n1n7gs0wclbyqkfn40000gn/T/XcodeDistPipeline.~~~NGT76q/Packages/BooksAppMac.pkg'
2026-07-08 03:57:22 +0000  productbuild: Adding component at /var/folders/vk/dmj39y_n1n7gs0wclbyqkfn40000gn/T/XcodeDistPipeline.~~~NGT76q/Root/Applications/BooksAppMac.app
productbuild: Signing product with identity "3rd Party Mac Developer Installer: Joshua Trommel (QMM486NPYC)" from keychain /Users/joshua/Library/Keychains/login.keychain-db
productbuild: Adding certificate "Apple Worldwide Developer Relations Certification Authority"
productbuild: Adding certificate "Apple Root CA"
productbuild: Wrote product to /var/folders/vk/dmj39y_n1n7gs0wclbyqkfn40000gn/T/XcodeDistPipeline.~~~NGT76q/Packages/BooksAppMac.pkg
productbuild: Supported OS versions: [Min: 13.0, Before: None]
2026-07-08 03:57:22 +0000 [MT] /usr/bin/productbuild exited with 0
2026-07-08 03:57:22 +0000 [MT] Processing step: IDEDistributionAppStoreInformationStep
2026-07-08 03:57:22 +0000 [MT] Skipping step: IDEDistributionAppStoreInformationStep because it said so
2026-07-08 03:57:22 +0000 [MT] Processing step: IDEDistributionGenerateProcessedDistributionItems
2026-07-08 03:57:22 +0000 [MT] IDEDistributionItem init <DVTFilePath:0xa467d46c0:'/var/folders/vk/dmj39y_n1n7gs0wclbyqkfn40000gn/T/XcodeDistPipeline.~~~NGT76q/Root/Applications/BooksAppMac.app'>
2026-07-08 03:57:22 +0000 [MT] Processing step: IDEDistributionCreateManifestStep
2026-07-08 03:57:22 +0000 [MT] Skipping step: IDEDistributionCreateManifestStep because it said so
