2026-07-08 03:49:01 +0000 [MT] Initial pipeline context: <IDEDistributionProcessingPipelineContext: 0xad65ed500; archive(resolved)="<IDEArchive: 0xad43d41c0>", distributionTask(resolved)="2", distributionDestination(resolved)="1", distributionMethod(resolved)="<IDEDistributionMethodMacAppStoreDistribution: 0xad6513890>", team(resolved)="<IDEProvisioningBasicTeam: 0xad663f040; teamID='QMM486NPYC', teamName='(null)'>">
	Chain (15, self inclusive):
	<IDEDistributionProcessingPipelineContext: 0xad65ed500; archive = "<IDEArchive: 0xad43d41c0>", distributionMethod="<IDEDistributionMethodMacAppStoreDistribution: 0xad6513890>", team="<IDEProvisioningBasicTeam: 0xad663f040; teamID='QMM486NPYC', teamName='(null)'>">
	<IDEDistributionProcessingPipelineContext: 0xad65ecc00; archive = "<IDEArchive: 0xad43d41c0>", distributionMethod="<IDEDistributionMethodMacAppStoreDistribution: 0xad6513890>", team="<IDEProvisioningBasicTeam: 0xad663f040; teamID='QMM486NPYC', teamName='(null)'>">
	<IDEDistributionContext: 0xad5c8a300; archive = "<IDEArchive: 0xad43d41c0>", distributionMethod="<IDEDistributionMethodMacAppStoreDistribution: 0xad6513890>", team="<IDEProvisioningBasicTeam: 0xad663f040; teamID='QMM486NPYC', teamName='(null)'>">
	<IDEDistributionContext: 0xad5c8a800; archive = "<IDEArchive: 0xad43d41c0>", distributionMethod="<IDEDistributionMethodMacAppStoreDistribution: 0xad6513890>", team="<IDEProvisioningBasicTeam: 0xad663f040; teamID='QMM486NPYC', teamName='(null)'>">
	<IDEDistributionContext: 0xad5c89e00; archive = "<IDEArchive: 0xad43d41c0>", distributionMethod="<IDEDistributionMethodMacAppStoreDistribution: 0xad6513890>", team="<IDEProvisioningBasicTeam: 0xad663f040; teamID='QMM486NPYC', teamName='(null)'>">
	<IDEDistributionContext: 0xad5c8aa80; archive = "<IDEArchive: 0xad43d41c0>", distributionMethod="<IDEDistributionMethodMacAppStoreDistribution: 0xad6513890>", team="<IDEProvisioningBasicTeam: 0xad663f040; teamID='QMM486NPYC', teamName='(null)'>">
	<IDEDistributionContext: 0xad5c8ad00; archive = "<IDEArchive: 0xad43d41c0>", distributionMethod="<IDEDistributionMethodMacAppStoreDistribution: 0xad6513890>", team="<IDEProvisioningBasicTeam: 0xad663f040; teamID='QMM486NPYC', teamName='(null)'>">
	<IDEDistributionContext: 0xad5c8af80; archive = "<IDEArchive: 0xad43d41c0>", distributionMethod="<IDEDistributionMethodMacAppStoreDistribution: 0xad6513890>", team="<IDEProvisioningBasicTeam: 0xad663f040; teamID='QMM486NPYC', teamName='(null)'>">
	<IDEDistributionContext: 0xad5c89900; archive = "<IDEArchive: 0xad43d41c0>", distributionMethod="<IDEDistributionMethodMacAppStoreDistribution: 0xad6513890>", team="<IDEProvisioningBasicTeam: 0xad663f040; teamID='QMM486NPYC', teamName='(null)'>">
	<IDEDistributionContext: 0xad5c88a00; archive = "<IDEArchive: 0xad43d41c0>", distributionMethod="<IDEDistributionMethodMacAppStoreDistribution: 0xad6513890>", team="<IDEProvisioningBasicTeam: 0xad663f040; teamID='QMM486NPYC', teamName='(null)'>">
	<IDEDistributionContext: 0xad5c88780; archive = "<IDEArchive: 0xad43d41c0>", distributionMethod="<IDEDistributionMethodMacAppStoreDistribution: 0xad6513890>", team="<IDEProvisioningBasicTeam: 0xad663f040; teamID='QMM486NPYC', teamName='(null)'>">
	<IDEDistributionContext: 0xad5c88500; archive = "<IDEArchive: 0xad43d41c0>", distributionMethod="<IDEDistributionMethodMacAppStoreDistribution: 0xad6513890>", team="<IDEProvisioningBasicTeam: 0xad663f040; teamID='QMM486NPYC', teamName='(null)'>">
	<IDEDistributionContext: 0xad5c88280; archive = "<IDEArchive: 0xad43d41c0>", distributionMethod="<IDEDistributionMethodMacAppStoreDistribution: 0xad6513890>", team="(null)">
	<IDEDistributionContext: 0xad5c88000; archive = "<IDEArchive: 0xad43d41c0>", distributionMethod="<IDEDistributionMethodMacAppStoreDistribution: 0xad6513890>", team="(null)">
	<IDEDistributionContext: 0x100afaad0; archive = "<IDEArchive: 0xad43d41c0>", distributionMethod="(null)", team="(null)">
</IDEDistributionProcessingPipelineContext: 0xad65ed500>
2026-07-08 03:49:01 +0000 [MT] Processing step: IDEDistributionCreateDestRootStep
2026-07-08 03:49:01 +0000 [MT] Processing step: IDEDistributionCopyItemStep
2026-07-08 03:49:01 +0000 [MT] Running /usr/bin/ditto '-V' '/Users/joshua/Documents/Code/books/.asc-artifacts/BooksAppMac.xcarchive/Products/Applications/BooksAppMac.app' '/var/folders/vk/dmj39y_n1n7gs0wclbyqkfn40000gn/T/XcodeDistPipeline.~~~d2DKSB/Root/Applications/BooksAppMac.app'
2026-07-08 03:49:01 +0000  >>> Copying /Users/joshua/Documents/Code/books/.asc-artifacts/BooksAppMac.xcarchive/Products/Applications/BooksAppMac.app 
2026-07-08 03:49:01 +0000  copying file ./Contents/_CodeSignature/CodeResources ... 
2026-07-08 03:49:01 +0000  2672 bytes for ./Contents/_CodeSignature/CodeResources
2026-07-08 03:49:01 +0000  copying file ./Contents/MacOS/BooksAppMac ... 
2026-07-08 03:49:01 +0000  161840 bytes for ./Contents/MacOS/BooksAppMac
2026-07-08 03:49:01 +0000  copying file ./Contents/Resources/AppIcon.icns ... 
2026-07-08 03:49:01 +0000  14182 bytes for ./Contents/Resources/AppIcon.icns
2026-07-08 03:49:01 +0000  copying file ./Contents/Resources/Assets.car ... 
2026-07-08 03:49:01 +0000  56360 bytes for ./Contents/Resources/Assets.car
2026-07-08 03:49:01 +0000  copying file ./Contents/Info.plist ... 
2026-07-08 03:49:01 +0000  1445 bytes for ./Contents/Info.plist
2026-07-08 03:49:01 +0000  copying file ./Contents/PkgInfo ... 
2026-07-08 03:49:01 +0000  8 bytes for ./Contents/PkgInfo
2026-07-08 03:49:01 +0000 [MT] /usr/bin/ditto exited with 0
2026-07-08 03:49:01 +0000 [MT] Processing step: IDEDistributionEmbedProfileStep
2026-07-08 03:49:01 +0000 [MT] Processing step: IDEDistributionInfoPlistStep
2026-07-08 03:49:01 +0000 [MT] Skipping setting DTXcodeBuildDistribution because toolsBuildVersionName was nil.
2026-07-08 03:49:01 +0000 [MT] Processing step: IDEDistributionItemRemovalStep
2026-07-08 03:49:01 +0000 [MT] Processing step: IDEDistributionAppThinningPlistStep
2026-07-08 03:49:01 +0000 [MT] Processing step: IDEDistributionSymbolsStep
2026-07-08 03:49:01 +0000 [MT] Writing /var/folders/vk/dmj39y_n1n7gs0wclbyqkfn40000gn/T/XcodeDistPipeline.~~~d2DKSB/Symbols/310C6DCD-0F2F-34BA-985C-DF5643607804.symbols
2026-07-08 03:49:01 +0000 [MT] Writing /var/folders/vk/dmj39y_n1n7gs0wclbyqkfn40000gn/T/XcodeDistPipeline.~~~d2DKSB/Symbols/A986B601-7AD2-3CE3-B6E7-430504A7406A.symbols
2026-07-08 03:49:01 +0000 [MT] Writing /var/folders/vk/dmj39y_n1n7gs0wclbyqkfn40000gn/T/XcodeDistPipeline.~~~d2DKSB/Symbols/310C6DCD-0F2F-34BA-985C-DF5643607804.symbols
2026-07-08 03:49:01 +0000 [MT] Writing /var/folders/vk/dmj39y_n1n7gs0wclbyqkfn40000gn/T/XcodeDistPipeline.~~~d2DKSB/Symbols/A986B601-7AD2-3CE3-B6E7-430504A7406A.symbols
2026-07-08 03:49:01 +0000 [MT] Processing step: IDEDistributionCopyAppleProvidedContentStep
2026-07-08 03:49:01 +0000 [MT] Processing step: IDEDistributionAppThinningStep
2026-07-08 03:49:01 +0000 [MT] Skipping step: IDEDistributionAppThinningStep because it said so
2026-07-08 03:49:01 +0000 [MT] Processing step: IDEDistributionArchThinningStep
2026-07-08 03:49:01 +0000 [MT] Archs to thin for item /Users/joshua/Documents/Code/books/.asc-artifacts/BooksAppMac.xcarchive/Products/Applications/BooksAppMac.app are []
2026-07-08 03:49:01 +0000 [MT] Processing step: IDEDistributionODRStep
2026-07-08 03:49:01 +0000 [MT] Processing step: IDEDistributionStripXattrsStep
2026-07-08 03:49:01 +0000 [MT] Skipping stripping extended attributes because the codesign step will strip them.
2026-07-08 03:49:01 +0000 [MT] Processing step: IDEDistributionCodesignStep
2026-07-08 03:49:01 +0000 [MT] Entitlements for <IDEDistributionItem: 0xad6613180; bundleID='com.heyitsmejosh.books.mac', path='<DVTFilePath:0xad6611740:'/Users/joshua/Documents/Code/books/.asc-artifacts/BooksAppMac.xcarchive/Products/Applications/BooksAppMac.app'>', codeSigningInfo='<_DVTCodeSigningInformation_Path: 0xad6612be0; isSigned='1', isAdHocSigned='0', signingCertificate='<DVTSigningCertificate: 0xad3f7df80; name='Apple Development: trommatic@icloud.com (8VQ3Z7494A)', hash='DCF40745BE43EDF323978FBAEB96BAC4C4FA93E2', serialNumber='AD882848985F58FD0F83487E38FA44C', certificateKinds='(
    "1.2.840.113635.100.6.1.12",
    "1.2.840.113635.100.6.1.2"
), issueDate='2026-06-12 02:06:14 +0000''>', entitlements='{
}', teamID='QMM486NPYC', identifier='com.heyitsmejosh.books.mac', executablePath='<DVTFilePath:0xad66125e0:'/Users/joshua/Documents/Code/books/.asc-artifacts/BooksAppMac.xcarchive/Products/Applications/BooksAppMac.app/Contents/MacOS/BooksAppMac'>', hardenedRuntime='0'>'>: {
    "com.apple.application-identifier" = "QMM486NPYC.com.heyitsmejosh.books.mac";
    "com.apple.developer.team-identifier" = QMM486NPYC;
}
2026-07-08 03:49:01 +0000 [MT] Associated App Clip Identifiers Filter: Skipping because "com.apple.developer.associated-appclip-app-identifiers" is not present
2026-07-08 03:49:01 +0000 [MT] Entitlements for <IDEDistributionItem: 0xad6613180; bundleID='com.heyitsmejosh.books.mac', path='<DVTFilePath:0xad6611740:'/Users/joshua/Documents/Code/books/.asc-artifacts/BooksAppMac.xcarchive/Products/Applications/BooksAppMac.app'>', codeSigningInfo='<_DVTCodeSigningInformation_Path: 0xad6612be0; isSigned='1', isAdHocSigned='0', signingCertificate='<DVTSigningCertificate: 0xad3f7d980; name='Apple Development: trommatic@icloud.com (8VQ3Z7494A)', hash='DCF40745BE43EDF323978FBAEB96BAC4C4FA93E2', serialNumber='AD882848985F58FD0F83487E38FA44C', certificateKinds='(
    "1.2.840.113635.100.6.1.12",
    "1.2.840.113635.100.6.1.2"
), issueDate='2026-06-12 02:06:14 +0000''>', entitlements='{
}', teamID='QMM486NPYC', identifier='com.heyitsmejosh.books.mac', executablePath='<DVTFilePath:0xad66125e0:'/Users/joshua/Documents/Code/books/.asc-artifacts/BooksAppMac.xcarchive/Products/Applications/BooksAppMac.app/Contents/MacOS/BooksAppMac'>', hardenedRuntime='0'>'> are: {
    "com.apple.application-identifier" = "QMM486NPYC.com.heyitsmejosh.books.mac";
    "com.apple.developer.team-identifier" = QMM486NPYC;
}
2026-07-08 03:49:01 +0000 [MT] Writing entitlements for <IDEDistributionItem: 0xad6613180; bundleID='com.heyitsmejosh.books.mac', path='<DVTFilePath:0xad6611740:'/Users/joshua/Documents/Code/books/.asc-artifacts/BooksAppMac.xcarchive/Products/Applications/BooksAppMac.app'>', codeSigningInfo='<_DVTCodeSigningInformation_Path: 0xad6612be0; isSigned='1', isAdHocSigned='0', signingCertificate='<DVTSigningCertificate: 0xad3f7d980; name='Apple Development: trommatic@icloud.com (8VQ3Z7494A)', hash='DCF40745BE43EDF323978FBAEB96BAC4C4FA93E2', serialNumber='AD882848985F58FD0F83487E38FA44C', certificateKinds='(
    "1.2.840.113635.100.6.1.12",
    "1.2.840.113635.100.6.1.2"
), issueDate='2026-06-12 02:06:14 +0000''>', entitlements='{
}', teamID='QMM486NPYC', identifier='com.heyitsmejosh.books.mac', executablePath='<DVTFilePath:0xad66125e0:'/Users/joshua/Documents/Code/books/.asc-artifacts/BooksAppMac.xcarchive/Products/Applications/BooksAppMac.app/Contents/MacOS/BooksAppMac'>', hardenedRuntime='0'>'> to: /var/folders/vk/dmj39y_n1n7gs0wclbyqkfn40000gn/T/XcodeDistPipeline.~~~d2DKSB/entitlements~~~WBhh35
2026-07-08 03:49:01 +0000 [MT] invoking codesign: <NSConcreteTask: 0xad6a8b750; launchPath='/usr/bin/codesign', arguments='(
    "-f",
    "-s",
    841ED832F5CB2EA83C5EE8C502992F8B46BBBC32,
    "--entitlements",
    "/var/folders/vk/dmj39y_n1n7gs0wclbyqkfn40000gn/T/XcodeDistPipeline.~~~d2DKSB/entitlements~~~WBhh35",
    "--preserve-metadata=identifier,flags,runtime,launch-constraints,library-constraints",
    "--generate-entitlement-der",
    "--strip-disallowed-xattrs",
    "-vvv",
    "/var/folders/vk/dmj39y_n1n7gs0wclbyqkfn40000gn/T/XcodeDistPipeline.~~~d2DKSB/Root/Applications/BooksAppMac.app"
)'>
2026-07-08 03:49:01 +0000 [MT] codesign output: /var/folders/vk/dmj39y_n1n7gs0wclbyqkfn40000gn/T/XcodeDistPipeline.~~~d2DKSB/Root/Applications/BooksAppMac.app: replacing existing signature
/var/folders/vk/dmj39y_n1n7gs0wclbyqkfn40000gn/T/XcodeDistPipeline.~~~d2DKSB/Root/Applications/BooksAppMac.app: signed app bundle with Mach-O universal (x86_64 arm64) [com.heyitsmejosh.books.mac]
2026-07-08 03:49:01 +0000 [MT] Processing step: IDEDistributionZipODRItemStep
2026-07-08 03:49:01 +0000 [MT] Skipping step: IDEDistributionZipODRItemStep because it said so
2026-07-08 03:49:01 +0000 [MT] Processing step: IDEDistributionCreatePKGStep
2026-07-08 03:49:01 +0000 [MT] Running /usr/bin/productbuild '--sign' '3rd Party Mac Developer Installer: Joshua Trommel (QMM486NPYC)' '--symbolication' '/var/folders/vk/dmj39y_n1n7gs0wclbyqkfn40000gn/T/XcodeDistPipeline.~~~d2DKSB/Symbols' '--component' '/var/folders/vk/dmj39y_n1n7gs0wclbyqkfn40000gn/T/XcodeDistPipeline.~~~d2DKSB/Root/Applications/BooksAppMac.app' '/Applications' '/var/folders/vk/dmj39y_n1n7gs0wclbyqkfn40000gn/T/XcodeDistPipeline.~~~d2DKSB/Packages/BooksAppMac.pkg'
2026-07-08 03:49:01 +0000  productbuild: Adding component at /var/folders/vk/dmj39y_n1n7gs0wclbyqkfn40000gn/T/XcodeDistPipeline.~~~d2DKSB/Root/Applications/BooksAppMac.app
productbuild: Signing product with identity "3rd Party Mac Developer Installer: Joshua Trommel (QMM486NPYC)" from keychain /Users/joshua/Library/Keychains/login.keychain-db
productbuild: Adding certificate "Apple Worldwide Developer Relations Certification Authority"
productbuild: Adding certificate "Apple Root CA"
productbuild: Wrote product to /var/folders/vk/dmj39y_n1n7gs0wclbyqkfn40000gn/T/XcodeDistPipeline.~~~d2DKSB/Packages/BooksAppMac.pkg
productbuild: Supported OS versions: [Min: 13.0, Before: None]
2026-07-08 03:49:01 +0000 [MT] /usr/bin/productbuild exited with 0
2026-07-08 03:49:01 +0000 [MT] Processing step: IDEDistributionAppStoreInformationStep
2026-07-08 03:49:01 +0000 [MT] Skipping step: IDEDistributionAppStoreInformationStep because it said so
2026-07-08 03:49:01 +0000 [MT] Processing step: IDEDistributionGenerateProcessedDistributionItems
2026-07-08 03:49:01 +0000 [MT] IDEDistributionItem init <DVTFilePath:0xad6918ba0:'/var/folders/vk/dmj39y_n1n7gs0wclbyqkfn40000gn/T/XcodeDistPipeline.~~~d2DKSB/Root/Applications/BooksAppMac.app'>
2026-07-08 03:49:01 +0000 [MT] Processing step: IDEDistributionCreateManifestStep
2026-07-08 03:49:01 +0000 [MT] Skipping step: IDEDistributionCreateManifestStep because it said so
